{"/Users/greenplanet/Documents/la_pecorina/src/background.js": {"path":"/Users/greenplanet/Documents/la_pecorina/src/background.js","statementMap":{"0":{"start":{"line":12,"column":22},"end":{"line":12,"column":26}},"1":{"start":{"line":13,"column":24},"end":{"line":13,"column":27}},"2":{"start":{"line":18,"column":17},"end":{"line":18,"column":48}},"3":{"start":{"line":19,"column":17},"end":{"line":19,"column":60}},"4":{"start":{"line":20,"column":4},"end":{"line":20,"column":91}},"5":{"start":{"line":20,"column":49},"end":{"line":20,"column":80}},"6":{"start":{"line":24,"column":4},"end":{"line":41,"column":7}},"7":{"start":{"line":25,"column":8},"end":{"line":40,"column":11}},"8":{"start":{"line":26,"column":29},"end":{"line":28,"column":32}},"9":{"start":{"line":30,"column":26},"end":{"line":36,"column":13}},"10":{"start":{"line":38,"column":28},"end":{"line":38,"column":72}},"11":{"start":{"line":39,"column":12},"end":{"line":39,"column":69}},"12":{"start":{"line":49,"column":4},"end":{"line":63,"column":7}},"13":{"start":{"line":50,"column":8},"end":{"line":62,"column":11}},"14":{"start":{"line":51,"column":12},"end":{"line":51,"column":71}},"15":{"start":{"line":51,"column":39},"end":{"line":51,"column":71}},"16":{"start":{"line":53,"column":12},"end":{"line":60,"column":13}},"17":{"start":{"line":53,"column":25},"end":{"line":53,"column":26}},"18":{"start":{"line":54,"column":29},"end":{"line":54,"column":44}},"19":{"start":{"line":55,"column":29},"end":{"line":55,"column":40}},"20":{"start":{"line":56,"column":37},"end":{"line":56,"column":71}},"21":{"start":{"line":57,"column":16},"end":{"line":59,"column":17}},"22":{"start":{"line":58,"column":20},"end":{"line":58,"column":73}},"23":{"start":{"line":61,"column":12},"end":{"line":61,"column":37}},"24":{"start":{"line":68,"column":0},"end":{"line":118,"column":3}},"25":{"start":{"line":69,"column":4},"end":{"line":85,"column":5}},"26":{"start":{"line":70,"column":8},"end":{"line":73,"column":11}},"27":{"start":{"line":75,"column":8},"end":{"line":83,"column":9}},"28":{"start":{"line":76,"column":12},"end":{"line":82,"column":15}},"29":{"start":{"line":84,"column":8},"end":{"line":84,"column":72}},"30":{"start":{"line":87,"column":4},"end":{"line":103,"column":5}},"31":{"start":{"line":88,"column":8},"end":{"line":91,"column":11}},"32":{"start":{"line":93,"column":8},"end":{"line":101,"column":9}},"33":{"start":{"line":94,"column":12},"end":{"line":100,"column":15}},"34":{"start":{"line":102,"column":8},"end":{"line":102,"column":78}},"35":{"start":{"line":105,"column":4},"end":{"line":110,"column":5}},"36":{"start":{"line":106,"column":8},"end":{"line":108,"column":11}},"37":{"start":{"line":107,"column":12},"end":{"line":107,"column":44}},"38":{"start":{"line":109,"column":8},"end":{"line":109,"column":20}},"39":{"start":{"line":112,"column":4},"end":{"line":115,"column":5}},"40":{"start":{"line":113,"column":8},"end":{"line":113,"column":64}},"41":{"start":{"line":113,"column":42},"end":{"line":113,"column":62}},"42":{"start":{"line":114,"column":8},"end":{"line":114,"column":20}},"43":{"start":{"line":117,"column":4},"end":{"line":117,"column":16}},"44":{"start":{"line":124,"column":0},"end":{"line":124,"column":74}},"45":{"start":{"line":125,"column":0},"end":{"line":129,"column":3}},"46":{"start":{"line":126,"column":4},"end":{"line":128,"column":5}},"47":{"start":{"line":127,"column":8},"end":{"line":127,"column":65}},"48":{"start":{"line":133,"column":0},"end":{"line":147,"column":3}},"49":{"start":{"line":134,"column":4},"end":{"line":138,"column":7}},"50":{"start":{"line":140,"column":4},"end":{"line":146,"column":7}}},"fnMap":{"0":{"name":"sha256","decl":{"start":{"line":17,"column":15},"end":{"line":17,"column":21}},"loc":{"start":{"line":17,"column":29},"end":{"line":21,"column":1}},"line":17},"1":{"name":"(anonymous_1)","decl":{"start":{"line":20,"column":44},"end":{"line":20,"column":45}},"loc":{"start":{"line":20,"column":49},"end":{"line":20,"column":80}},"line":20},"2":{"name":"appendAuditEntry","decl":{"start":{"line":23,"column":15},"end":{"line":23,"column":31}},"loc":{"start":{"line":23,"column":46},"end":{"line":42,"column":1}},"line":23},"3":{"name":"(anonymous_3)","decl":{"start":{"line":24,"column":23},"end":{"line":24,"column":24}},"loc":{"start":{"line":24,"column":34},"end":{"line":41,"column":5}},"line":24},"4":{"name":"(anonymous_4)","decl":{"start":{"line":25,"column":51},"end":{"line":25,"column":52}},"loc":{"start":{"line":25,"column":75},"end":{"line":40,"column":9}},"line":25},"5":{"name":"verifyAuditChain","decl":{"start":{"line":48,"column":15},"end":{"line":48,"column":31}},"loc":{"start":{"line":48,"column":34},"end":{"line":64,"column":1}},"line":48},"6":{"name":"(anonymous_6)","decl":{"start":{"line":49,"column":23},"end":{"line":49,"column":24}},"loc":{"start":{"line":49,"column":34},"end":{"line":63,"column":5}},"line":49},"7":{"name":"(anonymous_7)","decl":{"start":{"line":50,"column":51},"end":{"line":50,"column":52}},"loc":{"start":{"line":50,"column":75},"end":{"line":62,"column":9}},"line":50},"8":{"name":"(anonymous_8)","decl":{"start":{"line":68,"column":37},"end":{"line":68,"column":38}},"loc":{"start":{"line":68,"column":72},"end":{"line":118,"column":1}},"line":68},"9":{"name":"(anonymous_9)","decl":{"start":{"line":106,"column":51},"end":{"line":106,"column":52}},"loc":{"start":{"line":106,"column":69},"end":{"line":108,"column":9}},"line":106},"10":{"name":"(anonymous_10)","decl":{"start":{"line":113,"column":32},"end":{"line":113,"column":33}},"loc":{"start":{"line":113,"column":42},"end":{"line":113,"column":62}},"line":113},"11":{"name":"(anonymous_11)","decl":{"start":{"line":125,"column":34},"end":{"line":125,"column":35}},"loc":{"start":{"line":125,"column":45},"end":{"line":129,"column":1}},"line":125},"12":{"name":"(anonymous_12)","decl":{"start":{"line":133,"column":39},"end":{"line":133,"column":40}},"loc":{"start":{"line":133,"column":72},"end":{"line":147,"column":1}},"line":133}},"branchMap":{"0":{"loc":{"start":{"line":26,"column":29},"end":{"line":28,"column":32}},"type":"cond-expr","locations":[{"start":{"line":27,"column":18},"end":{"line":27,"column":77}},{"start":{"line":28,"column":18},"end":{"line":28,"column":32}}],"line":26},"1":{"loc":{"start":{"line":51,"column":12},"end":{"line":51,"column":71}},"type":"if","locations":[{"start":{"line":51,"column":12},"end":{"line":51,"column":71}},{"start":{},"end":{}}],"line":51},"2":{"loc":{"start":{"line":57,"column":16},"end":{"line":59,"column":17}},"type":"if","locations":[{"start":{"line":57,"column":16},"end":{"line":59,"column":17}},{"start":{},"end":{}}],"line":57},"3":{"loc":{"start":{"line":69,"column":4},"end":{"line":85,"column":5}},"type":"if","locations":[{"start":{"line":69,"column":4},"end":{"line":85,"column":5}},{"start":{},"end":{}}],"line":69},"4":{"loc":{"start":{"line":72,"column":20},"end":{"line":72,"column":48}},"type":"binary-expr","locations":[{"start":{"line":72,"column":20},"end":{"line":72,"column":35}},{"start":{"line":72,"column":39},"end":{"line":72,"column":48}}],"line":72},"5":{"loc":{"start":{"line":75,"column":8},"end":{"line":83,"column":9}},"type":"if","locations":[{"start":{"line":75,"column":8},"end":{"line":83,"column":9}},{"start":{},"end":{}}],"line":75},"6":{"loc":{"start":{"line":87,"column":4},"end":{"line":103,"column":5}},"type":"if","locations":[{"start":{"line":87,"column":4},"end":{"line":103,"column":5}},{"start":{},"end":{}}],"line":87},"7":{"loc":{"start":{"line":89,"column":20},"end":{"line":89,"column":57}},"type":"binary-expr","locations":[{"start":{"line":89,"column":20},"end":{"line":89,"column":34}},{"start":{"line":89,"column":38},"end":{"line":89,"column":57}}],"line":89},"8":{"loc":{"start":{"line":90,"column":20},"end":{"line":90,"column":48}},"type":"binary-expr","locations":[{"start":{"line":90,"column":20},"end":{"line":90,"column":35}},{"start":{"line":90,"column":39},"end":{"line":90,"column":48}}],"line":90},"9":{"loc":{"start":{"line":93,"column":8},"end":{"line":101,"column":9}},"type":"if","locations":[{"start":{"line":93,"column":8},"end":{"line":101,"column":9}},{"start":{},"end":{}}],"line":93},"10":{"loc":{"start":{"line":105,"column":4},"end":{"line":110,"column":5}},"type":"if","locations":[{"start":{"line":105,"column":4},"end":{"line":110,"column":5}},{"start":{},"end":{}}],"line":105},"11":{"loc":{"start":{"line":112,"column":4},"end":{"line":115,"column":5}},"type":"if","locations":[{"start":{"line":112,"column":4},"end":{"line":115,"column":5}},{"start":{},"end":{}}],"line":112},"12":{"loc":{"start":{"line":126,"column":4},"end":{"line":128,"column":5}},"type":"if","locations":[{"start":{"line":126,"column":4},"end":{"line":128,"column":5}},{"start":{},"end":{}}],"line":126},"13":{"loc":{"start":{"line":136,"column":25},"end":{"line":136,"column":48}},"type":"binary-expr","locations":[{"start":{"line":136,"column":25},"end":{"line":136,"column":40}},{"start":{"line":136,"column":44},"end":{"line":136,"column":48}}],"line":136}},"s":{"0":0,"1":0,"2":0,"3":0,"4":0,"5":0,"6":0,"7":0,"8":0,"9":0,"10":0,"11":0,"12":0,"13":0,"14":0,"15":0,"16":0,"17":0,"18":0,"19":0,"20":0,"21":0,"22":0,"23":0,"24":0,"25":0,"26":0,"27":0,"28":0,"29":0,"30":0,"31":0,"32":0,"33":0,"34":0,"35":0,"36":0,"37":0,"38":0,"39":0,"40":0,"41":0,"42":0,"43":0,"44":0,"45":0,"46":0,"47":0,"48":0,"49":0,"50":0},"f":{"0":0,"1":0,"2":0,"3":0,"4":0,"5":0,"6":0,"7":0,"8":0,"9":0,"10":0,"11":0,"12":0},"b":{"0":[0,0],"1":[0,0],"2":[0,0],"3":[0,0],"4":[0,0],"5":[0,0],"6":[0,0],"7":[0,0],"8":[0,0],"9":[0,0],"10":[0,0],"11":[0,0],"12":[0,0],"13":[0,0]}}
,"/Users/greenplanet/Documents/la_pecorina/src/content.js": {"path":"/Users/greenplanet/Documents/la_pecorina/src/content.js","statementMap":{"0":{"start":{"line":10,"column":23},"end":{"line":10,"column":28}},"1":{"start":{"line":15,"column":2},"end":{"line":34,"column":3}},"2":{"start":{"line":16,"column":4},"end":{"line":16,"column":56}},"3":{"start":{"line":17,"column":4},"end":{"line":20,"column":7}},"4":{"start":{"line":24,"column":36},"end":{"line":24,"column":59}},"5":{"start":{"line":25,"column":4},"end":{"line":33,"column":6}},"6":{"start":{"line":26,"column":6},"end":{"line":31,"column":7}},"7":{"start":{"line":27,"column":8},"end":{"line":27,"column":89}},"8":{"start":{"line":30,"column":8},"end":{"line":30,"column":62}},"9":{"start":{"line":32,"column":6},"end":{"line":32,"column":60}},"10":{"start":{"line":37,"column":19},"end":{"line":48,"column":4}},"11":{"start":{"line":38,"column":4},"end":{"line":47,"column":5}},"12":{"start":{"line":39,"column":6},"end":{"line":39,"column":58}},"13":{"start":{"line":40,"column":6},"end":{"line":44,"column":9}},"14":{"start":{"line":45,"column":6},"end":{"line":45,"column":30}},"15":{"start":{"line":46,"column":6},"end":{"line":46,"column":28}},"16":{"start":{"line":50,"column":2},"end":{"line":50,"column":65}},"17":{"start":{"line":56,"column":23},"end":{"line":56,"column":47}},"18":{"start":{"line":59,"column":19},"end":{"line":82,"column":4}},"19":{"start":{"line":60,"column":18},"end":{"line":60,"column":57}},"20":{"start":{"line":62,"column":4},"end":{"line":81,"column":7}},"21":{"start":{"line":64,"column":6},"end":{"line":64,"column":40}},"22":{"start":{"line":64,"column":33},"end":{"line":64,"column":40}},"23":{"start":{"line":67,"column":6},"end":{"line":67,"column":42}},"24":{"start":{"line":70,"column":6},"end":{"line":80,"column":9}},"25":{"start":{"line":71,"column":25},"end":{"line":71,"column":39}},"26":{"start":{"line":72,"column":31},"end":{"line":72,"column":68}},"27":{"start":{"line":74,"column":8},"end":{"line":79,"column":9}},"28":{"start":{"line":75,"column":10},"end":{"line":78,"column":13}},"29":{"start":{"line":85,"column":2},"end":{"line":85,"column":70}},"30":{"start":{"line":90,"column":30},"end":{"line":94,"column":3}},"31":{"start":{"line":96,"column":2},"end":{"line":96,"column":28}},"32":{"start":{"line":97,"column":2},"end":{"line":97,"column":67}},"33":{"start":{"line":97,"column":44},"end":{"line":97,"column":65}},"34":{"start":{"line":101,"column":0},"end":{"line":104,"column":1}},"35":{"start":{"line":102,"column":2},"end":{"line":102,"column":81}},"36":{"start":{"line":103,"column":2},"end":{"line":103,"column":39}},"37":{"start":{"line":107,"column":0},"end":{"line":107,"column":23}},"38":{"start":{"line":109,"column":0},"end":{"line":109,"column":101}}},"fnMap":{"0":{"name":"monitorWeb3Providers","decl":{"start":{"line":13,"column":9},"end":{"line":13,"column":29}},"loc":{"start":{"line":13,"column":32},"end":{"line":51,"column":1}},"line":13},"1":{"name":"(anonymous_1)","decl":{"start":{"line":25,"column":30},"end":{"line":25,"column":31}},"loc":{"start":{"line":25,"column":45},"end":{"line":33,"column":5}},"line":25},"2":{"name":"(anonymous_2)","decl":{"start":{"line":37,"column":40},"end":{"line":37,"column":41}},"loc":{"start":{"line":37,"column":46},"end":{"line":48,"column":3}},"line":37},"3":{"name":"monitorLinkedInMotivationalContent","decl":{"start":{"line":54,"column":9},"end":{"line":54,"column":43}},"loc":{"start":{"line":54,"column":46},"end":{"line":86,"column":1}},"line":54},"4":{"name":"(anonymous_4)","decl":{"start":{"line":59,"column":40},"end":{"line":59,"column":41}},"loc":{"start":{"line":59,"column":55},"end":{"line":82,"column":3}},"line":59},"5":{"name":"(anonymous_5)","decl":{"start":{"line":62,"column":18},"end":{"line":62,"column":19}},"loc":{"start":{"line":62,"column":26},"end":{"line":81,"column":5}},"line":62},"6":{"name":"(anonymous_6)","decl":{"start":{"line":70,"column":37},"end":{"line":70,"column":38}},"loc":{"start":{"line":70,"column":44},"end":{"line":80,"column":7}},"line":70},"7":{"name":"containsMotivationalContent","decl":{"start":{"line":89,"column":9},"end":{"line":89,"column":36}},"loc":{"start":{"line":89,"column":43},"end":{"line":98,"column":1}},"line":89},"8":{"name":"(anonymous_8)","decl":{"start":{"line":97,"column":34},"end":{"line":97,"column":35}},"loc":{"start":{"line":97,"column":44},"end":{"line":97,"column":65}},"line":97}},"branchMap":{"0":{"loc":{"start":{"line":15,"column":2},"end":{"line":34,"column":3}},"type":"if","locations":[{"start":{"line":15,"column":2},"end":{"line":34,"column":3}},{"start":{},"end":{}}],"line":15},"1":{"loc":{"start":{"line":26,"column":6},"end":{"line":31,"column":7}},"type":"if","locations":[{"start":{"line":26,"column":6},"end":{"line":31,"column":7}},{"start":{},"end":{}}],"line":26},"2":{"loc":{"start":{"line":26,"column":10},"end":{"line":26,"column":55}},"type":"binary-expr","locations":[{"start":{"line":26,"column":10},"end":{"line":26,"column":14}},{"start":{"line":26,"column":18},"end":{"line":26,"column":55}}],"line":26},"3":{"loc":{"start":{"line":38,"column":4},"end":{"line":47,"column":5}},"type":"if","locations":[{"start":{"line":38,"column":4},"end":{"line":47,"column":5}},{"start":{},"end":{}}],"line":38},"4":{"loc":{"start":{"line":38,"column":8},"end":{"line":38,"column":44}},"type":"binary-expr","locations":[{"start":{"line":38,"column":8},"end":{"line":38,"column":23}},{"start":{"line":38,"column":27},"end":{"line":38,"column":44}}],"line":38},"5":{"loc":{"start":{"line":64,"column":6},"end":{"line":64,"column":40}},"type":"if","locations":[{"start":{"line":64,"column":6},"end":{"line":64,"column":40}},{"start":{},"end":{}}],"line":64},"6":{"loc":{"start":{"line":74,"column":8},"end":{"line":79,"column":9}},"type":"if","locations":[{"start":{"line":74,"column":8},"end":{"line":79,"column":9}},{"start":{},"end":{}}],"line":74},"7":{"loc":{"start":{"line":101,"column":0},"end":{"line":104,"column":1}},"type":"if","locations":[{"start":{"line":101,"column":0},"end":{"line":104,"column":1}},{"start":{},"end":{}}],"line":101}},"s":{"0":0,"1":0,"2":0,"3":0,"4":0,"5":0,"6":0,"7":0,"8":0,"9":0,"10":0,"11":0,"12":0,"13":0,"14":0,"15":0,"16":0,"17":0,"18":0,"19":0,"20":0,"21":0,"22":0,"23":0,"24":0,"25":0,"26":0,"27":0,"28":0,"29":0,"30":0,"31":0,"32":0,"33":0,"34":0,"35":0,"36":0,"37":0,"38":0},"f":{"0":0,"1":0,"2":0,"3":0,"4":0,"5":0,"6":0,"7":0,"8":0},"b":{"0":[0,0],"1":[0,0],"2":[0,0],"3":[0,0],"4":[0,0],"5":[0,0],"6":[0,0],"7":[0,0]}}
,"/Users/greenplanet/Documents/la_pecorina/src/utils/crypto.js": {"path":"/Users/greenplanet/Documents/la_pecorina/src/utils/crypto.js","statementMap":{"0":{"start":{"line":15,"column":26},"end":{"line":15,"column":33}},"1":{"start":{"line":16,"column":19},"end":{"line":16,"column":21}},"2":{"start":{"line":17,"column":17},"end":{"line":17,"column":19}},"3":{"start":{"line":18,"column":17},"end":{"line":18,"column":20}},"4":{"start":{"line":21,"column":4},"end":{"line":21,"column":64}},"5":{"start":{"line":25,"column":4},"end":{"line":25,"column":60}},"6":{"start":{"line":25,"column":43},"end":{"line":25,"column":58}},"7":{"start":{"line":32,"column":20},"end":{"line":32,"column":37}},"8":{"start":{"line":33,"column":24},"end":{"line":39,"column":5}},"9":{"start":{"line":40,"column":4},"end":{"line":51,"column":6}},"10":{"start":{"line":59,"column":20},"end":{"line":59,"column":37}},"11":{"start":{"line":60,"column":17},"end":{"line":60,"column":67}},"12":{"start":{"line":61,"column":17},"end":{"line":61,"column":65}},"13":{"start":{"line":62,"column":17},"end":{"line":62,"column":48}},"14":{"start":{"line":64,"column":23},"end":{"line":68,"column":5}},"15":{"start":{"line":70,"column":21},"end":{"line":70,"column":82}},"16":{"start":{"line":71,"column":4},"end":{"line":71,"column":26}},"17":{"start":{"line":72,"column":4},"end":{"line":72,"column":33}},"18":{"start":{"line":73,"column":4},"end":{"line":73,"column":68}},"19":{"start":{"line":75,"column":4},"end":{"line":75,"column":36}},"20":{"start":{"line":82,"column":18},"end":{"line":82,"column":42}},"21":{"start":{"line":83,"column":18},"end":{"line":83,"column":43}},"22":{"start":{"line":84,"column":18},"end":{"line":84,"column":63}},"23":{"start":{"line":85,"column":23},"end":{"line":85,"column":56}},"24":{"start":{"line":86,"column":18},"end":{"line":86,"column":49}},"25":{"start":{"line":88,"column":22},"end":{"line":92,"column":5}},"26":{"start":{"line":93,"column":4},"end":{"line":93,"column":47}},"27":{"start":{"line":100,"column":18},"end":{"line":100,"column":68}},"28":{"start":{"line":101,"column":4},"end":{"line":101,"column":76}},"29":{"start":{"line":101,"column":34},"end":{"line":101,"column":65}},"30":{"start":{"line":108,"column":4},"end":{"line":110,"column":5}},"31":{"start":{"line":109,"column":8},"end":{"line":109,"column":21}},"32":{"start":{"line":112,"column":21},"end":{"line":112,"column":45}},"33":{"start":{"line":113,"column":4},"end":{"line":116,"column":5}},"34":{"start":{"line":114,"column":8},"end":{"line":114,"column":84}},"35":{"start":{"line":114,"column":71},"end":{"line":114,"column":84}},"36":{"start":{"line":115,"column":8},"end":{"line":115,"column":65}},"37":{"start":{"line":115,"column":52},"end":{"line":115,"column":65}},"38":{"start":{"line":118,"column":25},"end":{"line":118,"column":46}},"39":{"start":{"line":119,"column":4},"end":{"line":121,"column":5}},"40":{"start":{"line":120,"column":8},"end":{"line":120,"column":21}},"41":{"start":{"line":123,"column":4},"end":{"line":123,"column":16}},"42":{"start":{"line":130,"column":17},"end":{"line":130,"column":48}},"43":{"start":{"line":131,"column":17},"end":{"line":131,"column":60}},"44":{"start":{"line":132,"column":4},"end":{"line":132,"column":91}},"45":{"start":{"line":132,"column":49},"end":{"line":132,"column":80}},"46":{"start":{"line":135,"column":0},"end":{"line":141,"column":2}}},"fnMap":{"0":{"name":"bufferToBase64","decl":{"start":{"line":20,"column":9},"end":{"line":20,"column":23}},"loc":{"start":{"line":20,"column":32},"end":{"line":22,"column":1}},"line":20},"1":{"name":"base64ToBuffer","decl":{"start":{"line":24,"column":9},"end":{"line":24,"column":23}},"loc":{"start":{"line":24,"column":29},"end":{"line":26,"column":1}},"line":24},"2":{"name":"(anonymous_2)","decl":{"start":{"line":25,"column":38},"end":{"line":25,"column":39}},"loc":{"start":{"line":25,"column":43},"end":{"line":25,"column":58}},"line":25},"3":{"name":"deriveKey","decl":{"start":{"line":31,"column":15},"end":{"line":31,"column":24}},"loc":{"start":{"line":31,"column":41},"end":{"line":52,"column":1}},"line":31},"4":{"name":"encryptData","decl":{"start":{"line":58,"column":15},"end":{"line":58,"column":26}},"loc":{"start":{"line":58,"column":48},"end":{"line":76,"column":1}},"line":58},"5":{"name":"decryptData","decl":{"start":{"line":81,"column":15},"end":{"line":81,"column":26}},"loc":{"start":{"line":81,"column":47},"end":{"line":94,"column":1}},"line":81},"6":{"name":"secureRandomHex","decl":{"start":{"line":99,"column":9},"end":{"line":99,"column":24}},"loc":{"start":{"line":99,"column":37},"end":{"line":102,"column":1}},"line":99},"7":{"name":"(anonymous_7)","decl":{"start":{"line":101,"column":29},"end":{"line":101,"column":30}},"loc":{"start":{"line":101,"column":34},"end":{"line":101,"column":65}},"line":101},"8":{"name":"validateTransaction","decl":{"start":{"line":107,"column":9},"end":{"line":107,"column":28}},"loc":{"start":{"line":107,"column":42},"end":{"line":124,"column":1}},"line":107},"9":{"name":"sha256","decl":{"start":{"line":129,"column":15},"end":{"line":129,"column":21}},"loc":{"start":{"line":129,"column":29},"end":{"line":133,"column":1}},"line":129},"10":{"name":"(anonymous_10)","decl":{"start":{"line":132,"column":44},"end":{"line":132,"column":45}},"loc":{"start":{"line":132,"column":49},"end":{"line":132,"column":80}},"line":132}},"branchMap":{"0":{"loc":{"start":{"line":108,"column":4},"end":{"line":110,"column":5}},"type":"if","locations":[{"start":{"line":108,"column":4},"end":{"line":110,"column":5}},{"start":{},"end":{}}],"line":108},"1":{"loc":{"start":{"line":108,"column":8},"end":{"line":108,"column":93}},"type":"binary-expr","locations":[{"start":{"line":108,"column":8},"end":{"line":108,"column":28}},{"start":{"line":108,"column":32},"end":{"line":108,"column":63}},{"start":{"line":108,"column":67},"end":{"line":108,"column":93}}],"line":108},"2":{"loc":{"start":{"line":114,"column":8},"end":{"line":114,"column":84}},"type":"if","locations":[{"start":{"line":114,"column":8},"end":{"line":114,"column":84}},{"start":{},"end":{}}],"line":114},"3":{"loc":{"start":{"line":115,"column":8},"end":{"line":115,"column":65}},"type":"if","locations":[{"start":{"line":115,"column":8},"end":{"line":115,"column":65}},{"start":{},"end":{}}],"line":115},"4":{"loc":{"start":{"line":119,"column":4},"end":{"line":121,"column":5}},"type":"if","locations":[{"start":{"line":119,"column":4},"end":{"line":121,"column":5}},{"start":{},"end":{}}],"line":119},"5":{"loc":{"start":{"line":119,"column":8},"end":{"line":119,"column":82}},"type":"binary-expr","locations":[{"start":{"line":119,"column":8},"end":{"line":119,"column":44}},{"start":{"line":119,"column":48},"end":{"line":119,"column":82}}],"line":119}},"s":{"0":2,"1":2,"2":2,"3":2,"4":5,"5":3,"6":170,"7":8,"8":8,"9":8,"10":5,"11":5,"12":5,"13":5,"14":5,"15":5,"16":5,"17":5,"18":5,"19":5,"20":3,"21":3,"22":3,"23":3,"24":3,"25":3,"26":1,"27":5,"28":5,"29":100,"30":9,"31":3,"32":6,"33":6,"34":10,"35":3,"36":7,"37":1,"38":2,"39":2,"40":1,"41":1,"42":5,"43":5,"44":5,"45":160,"46":2},"f":{"0":5,"1":3,"2":170,"3":8,"4":5,"5":3,"6":5,"7":100,"8":9,"9":5,"10":160},"b":{"0":[3,6],"1":[9,7,7],"2":[3,7],"3":[1,6],"4":[1,1],"5":[2,1]},"_coverageSchema":"1a1c01bbd47fc00a2c39e90264f33305004495a9","hash":"3624c35efff1c634ac1d361e95cb4db9f9f69382"}
}
