TN:
SF:src/background.js
FN:17,sha256
FN:20,(anonymous_1)
FN:23,appendAuditEntry
FN:24,(anonymous_3)
FN:25,(anonymous_4)
FN:48,verifyAuditChain
FN:49,(anonymous_6)
FN:50,(anonymous_7)
FN:68,(anonymous_8)
FN:106,(anonymous_9)
FN:113,(anonymous_10)
FN:125,(anonymous_11)
FN:133,(anonymous_12)
FNF:13
FNH:0
FNDA:0,sha256
FNDA:0,(anonymous_1)
FNDA:0,appendAuditEntry
FNDA:0,(anonymous_3)
FNDA:0,(anonymous_4)
FNDA:0,verifyAuditChain
FNDA:0,(anonymous_6)
FNDA:0,(anonymous_7)
FNDA:0,(anonymous_8)
FNDA:0,(anonymous_9)
FNDA:0,(anonymous_10)
FNDA:0,(anonymous_11)
FNDA:0,(anonymous_12)
DA:12,0
DA:13,0
DA:18,0
DA:19,0
DA:20,0
DA:24,0
DA:25,0
DA:26,0
DA:30,0
DA:38,0
DA:39,0
DA:49,0
DA:50,0
DA:51,0
DA:53,0
DA:54,0
DA:55,0
DA:56,0
DA:57,0
DA:58,0
DA:61,0
DA:68,0
DA:69,0
DA:70,0
DA:75,0
DA:76,0
DA:84,0
DA:87,0
DA:88,0
DA:93,0
DA:94,0
DA:102,0
DA:105,0
DA:106,0
DA:107,0
DA:109,0
DA:112,0
DA:113,0
DA:114,0
DA:117,0
DA:124,0
DA:125,0
DA:126,0
DA:127,0
DA:133,0
DA:134,0
DA:140,0
LF:47
LH:0
BRDA:26,0,0,0
BRDA:26,0,1,0
BRDA:51,1,0,0
BRDA:51,1,1,0
BRDA:57,2,0,0
BRDA:57,2,1,0
BRDA:69,3,0,0
BRDA:69,3,1,0
BRDA:72,4,0,0
BRDA:72,4,1,0
BRDA:75,5,0,0
BRDA:75,5,1,0
BRDA:87,6,0,0
BRDA:87,6,1,0
BRDA:89,7,0,0
BRDA:89,7,1,0
BRDA:90,8,0,0
BRDA:90,8,1,0
BRDA:93,9,0,0
BRDA:93,9,1,0
BRDA:105,10,0,0
BRDA:105,10,1,0
BRDA:112,11,0,0
BRDA:112,11,1,0
BRDA:126,12,0,0
BRDA:126,12,1,0
BRDA:136,13,0,0
BRDA:136,13,1,0
BRF:28
BRH:0
end_of_record
TN:
SF:src/content.js
FN:13,monitorWeb3Providers
FN:25,(anonymous_1)
FN:37,(anonymous_2)
FN:54,monitorLinkedInMotivationalContent
FN:59,(anonymous_4)
FN:62,(anonymous_5)
FN:70,(anonymous_6)
FN:89,containsMotivationalContent
FN:97,(anonymous_8)
FNF:9
FNH:0
FNDA:0,monitorWeb3Providers
FNDA:0,(anonymous_1)
FNDA:0,(anonymous_2)
FNDA:0,monitorLinkedInMotivationalContent
FNDA:0,(anonymous_4)
FNDA:0,(anonymous_5)
FNDA:0,(anonymous_6)
FNDA:0,containsMotivationalContent
FNDA:0,(anonymous_8)
DA:10,0
DA:15,0
DA:16,0
DA:17,0
DA:24,0
DA:25,0
DA:26,0
DA:27,0
DA:30,0
DA:32,0
DA:37,0
DA:38,0
DA:39,0
DA:40,0
DA:45,0
DA:46,0
DA:50,0
DA:56,0
DA:59,0
DA:60,0
DA:62,0
DA:64,0
DA:67,0
DA:70,0
DA:71,0
DA:72,0
DA:74,0
DA:75,0
DA:85,0
DA:90,0
DA:96,0
DA:97,0
DA:101,0
DA:102,0
DA:103,0
DA:107,0
DA:109,0
LF:37
LH:0
BRDA:15,0,0,0
BRDA:15,0,1,0
BRDA:26,1,0,0
BRDA:26,1,1,0
BRDA:26,2,0,0
BRDA:26,2,1,0
BRDA:38,3,0,0
BRDA:38,3,1,0
BRDA:38,4,0,0
BRDA:38,4,1,0
BRDA:64,5,0,0
BRDA:64,5,1,0
BRDA:74,6,0,0
BRDA:74,6,1,0
BRDA:101,7,0,0
BRDA:101,7,1,0
BRF:16
BRH:0
end_of_record
TN:
SF:src/utils/crypto.js
FN:20,bufferToBase64
FN:24,base64ToBuffer
FN:25,(anonymous_2)
FN:31,deriveKey
FN:58,encryptData
FN:81,decryptData
FN:99,secureRandomHex
FN:101,(anonymous_7)
FN:107,validateTransaction
FN:129,sha256
FN:132,(anonymous_10)
FNF:11
FNH:11
FNDA:5,bufferToBase64
FNDA:3,base64ToBuffer
FNDA:170,(anonymous_2)
FNDA:8,deriveKey
FNDA:5,encryptData
FNDA:3,decryptData
FNDA:5,secureRandomHex
FNDA:100,(anonymous_7)
FNDA:9,validateTransaction
FNDA:5,sha256
FNDA:160,(anonymous_10)
DA:15,2
DA:16,2
DA:17,2
DA:18,2
DA:21,5
DA:25,170
DA:32,8
DA:33,8
DA:40,8
DA:59,5
DA:60,5
DA:61,5
DA:62,5
DA:64,5
DA:70,5
DA:71,5
DA:72,5
DA:73,5
DA:75,5
DA:82,3
DA:83,3
DA:84,3
DA:85,3
DA:86,3
DA:88,3
DA:93,1
DA:100,5
DA:101,100
DA:108,9
DA:109,3
DA:112,6
DA:113,6
DA:114,10
DA:115,7
DA:118,2
DA:119,2
DA:120,1
DA:123,1
DA:130,5
DA:131,5
DA:132,160
DA:135,2
LF:42
LH:42
BRDA:108,0,0,3
BRDA:108,0,1,6
BRDA:108,1,0,9
BRDA:108,1,1,7
BRDA:108,1,2,7
BRDA:114,2,0,3
BRDA:114,2,1,7
BRDA:115,3,0,1
BRDA:115,3,1,6
BRDA:119,4,0,1
BRDA:119,4,1,1
BRDA:119,5,0,2
BRDA:119,5,1,1
BRF:13
BRH:13
end_of_record
